INFO:root:Producto Creado Correctamente Adaptador USB
INFO:root:Producto Creado Correctamente Altavoces multimedia
INFO:root:Producto Creado Correctamente Altavoz Bose mini bluetooth
INFO:root:Producto Creado Correctamente Antivirus Zed+
INFO:root:Producto Creado Correctamente Auriculares USB
INFO:root:Producto Creado Correctamente Auriculares de tapón Apple
INFO:root:Producto Creado Correctamente Auriculares estándar
INFO:root:Producto Creado Correctamente Basic Computer
INFO:root:Producto Creado Correctamente CD en blanco
INFO:root:Producto Creado Correctamente Cable RJ45 30m
INFO:root:Producto Creado Correctamente Carcasa de ordenador
INFO:root:Producto Creado Correctamente Cartucho de tinta
INFO:root:Producto Creado Correctamente Cartucho de tóner
INFO:root:Producto Creado Correctamente Computer SC234
INFO:root:Producto Creado Correctamente Custom Computer (kit)
INFO:root:Producto Creado Correctamente DVD-RW virgen
INFO:root:Producto Creado Correctamente Dell Inspiron Laptop without OS
INFO:root:Producto Creado Correctamente Depósito
INFO:root:Producto Creado Correctamente Desktop Computer Table
INFO:root:Producto Creado Correctamente Disco duro (HDD) bajo demanda
INFO:root:Producto Creado Correctamente Disco duro externo
INFO:root:Producto Creado Correctamente External Audit
INFO:root:Producto Creado Correctamente GAP Analysis Service
INFO:root:Producto Creado Correctamente HDD SH-1
INFO:root:Producto Creado Correctamente HDD SH-2 (mto)
INFO:root:Producto Creado Correctamente Helado
INFO:root:Producto Creado Correctamente Impresora multi-función
INFO:root:Producto Creado Correctamente Linutop
INFO:root:Producto Creado Correctamente Little server
INFO:root:Producto Creado Correctamente Lámpara de escritorio
INFO:root:Producto Creado Correctamente Pen drive, SP-2
INFO:root:Producto Creado Correctamente Pen drive, SP-4
INFO:root:Producto Creado Correctamente Placa base A20Z7
INFO:root:Producto Creado Correctamente Placa base I9P57
INFO:root:Producto Creado Correctamente Portátil E5023
INFO:root:Producto Creado Correctamente Portátil S3450
INFO:root:Producto Creado Correctamente Portátil personalizado
INFO:root:Producto Creado Correctamente Prepaid Consulting
INFO:root:Producto Creado Correctamente Procesador AMD 8-Core
INFO:root:Producto Creado Correctamente Procesador core i5 2.70 GHz
INFO:root:Producto Creado Correctamente RAM SR2 (kit)
INFO:root:Producto Creado Correctamente RAM SR3
INFO:root:Producto Creado Correctamente RAM SR5
INFO:root:Producto Creado Correctamente Ratón ergonómico
INFO:root:Producto Creado Correctamente Ratón inalámbrico
INFO:root:Producto Creado Correctamente Ratón, optico
INFO:root:Producto Creado Correctamente Router R430
INFO:root:Producto Creado Correctamente Servidor
INFO:root:Producto Creado Correctamente Software GrapWorks
INFO:root:Producto Creado Correctamente Suite ofimática
INFO:root:Producto Creado Correctamente Support Services
INFO:root:Producto Creado Correctamente Switch de 24 puertos
INFO:root:Producto Creado Correctamente Switch de 8-puertos
INFO:root:Producto Creado Correctamente Tarjeta de datos
INFO:root:Producto Creado Correctamente Tarjeta gráfica
INFO:root:Producto Creado Correctamente Teclado Inálambrico de Apple
INFO:root:Producto Creado Correctamente TypeMatrix Dvorak Keyboard
INFO:root:Producto Creado Correctamente Webcam
INFO:root:Producto Creado Correctamente Windows 7 Professional
INFO:root:Producto Creado Correctamente Windows Home Server 2011
INFO:root:Producto Creado Correctamente iMac
INFO:root:Producto Creado Correctamente iPad Mini
INFO:root:Producto Creado Correctamente iPad con pantalla Retina
INFO:root:Producto Creado Correctamente iPod
